# JRE version: OpenJDK Runtime Environment JBR-17.0.8+7-1000.8-nomod (17.0.8+7) (build 17.0.8+7-b1000.8)
# Java VM: OpenJDK 64-Bit Server VM JBR-17.0.8+7-1000.8-nomod (17.0.8+7-b1000.8, mixed mode, tiered, compressed oops, compressed class ptrs, g1 gc, windows-amd64)
GC Precious Log:
 CPUs: 4 total, 4 available
 Memory: 12197M
 Large Page Support: Disabled
 NUMA Support: Disabled
 Compressed Oops: Enabled (32-bit)
 Heap Region Size: 1M
 Heap Min Capacity: 8M
 Heap Initial Capacity: 192M
 Heap Max Capacity: 2G
 Pre-touch: Disabled
 Parallel Workers: 4
 Concurrent Workers: 1
 Concurrent Refinement Workers: 4
 Periodic GC: Disabled
Heap:
 garbage-first heap   total 515072K, used 309578K [0x0000000080000000, 0x0000000100000000)
  region size 1024K, 136 young (139264K), 16 survivors (16384K)
 Metaspace       used 119879K, committed 120832K, reserved 1179648K
  class space    used 15774K, committed 16192K, reserved 1048576K
GC Heap History (20 events):
Event: 51.788 GC heap before
{Heap before GC invocations=48 (full 0):
 garbage-first heap   total 208896K, used 152740K [0x0000000080000000, 0x0000000100000000)
  region size 1024K, 31 young (31744K), 4 survivors (4096K)
 Metaspace       used 89828K, committed 90496K, reserved 1179648K
  class space    used 12048K, committed 12352K, reserved 1048576K
}
Event: 51.811 GC heap after
{Heap after GC invocations=49 (full 0):
 garbage-first heap   total 208896K, used 128069K [0x0000000080000000, 0x0000000100000000)
  region size 1024K, 5 young (5120K), 5 survivors (5120K)
 Metaspace       used 89828K, committed 90496K, reserved 1179648K
  class space    used 12048K, committed 12352K, reserved 1048576K
}
Event: 54.710 GC heap before
{Heap before GC invocations=50 (full 0):
 garbage-first heap   total 266240K, used 197701K [0x0000000080000000, 0x0000000100000000)
  region size 1024K, 47 young (48128K), 5 survivors (5120K)
 Metaspace       used 93064K, committed 93760K, reserved 1179648K
  class space    used 12538K, committed 12864K, reserved 1048576K
}
Event: 54.727 GC heap after
{Heap after GC invocations=51 (full 0):
 garbage-first heap   total 266240K, used 162902K [0x0000000080000000, 0x0000000100000000)
  region size 1024K, 6 young (6144K), 6 survivors (6144K)
 Metaspace       used 93064K, committed 93760K, reserved 1179648K
  class space    used 12538K, committed 12864K, reserved 1048576K
}
Event: 54.853 GC heap before
{Heap before GC invocations=51 (full 0):
 garbage-first heap   total 266240K, used 170070K [0x0000000080000000, 0x0000000100000000)
  region size 1024K, 13 young (13312K), 6 survivors (6144K)
 Metaspace       used 93329K, committed 94016K, reserved 1179648K
  class space    used 12570K, committed 12864K, reserved 1048576K
}
Event: 54.864 GC heap after
{Heap after GC invocations=52 (full 0):
 garbage-first heap   total 266240K, used 164284K [0x0000000080000000, 0x0000000100000000)
  region size 1024K, 1 young (1024K), 1 survivors (1024K)
 Metaspace       used 93329K, committed 94016K, reserved 1179648K
  class space    used 12570K, committed 12864K, reserved 1048576K
}
Event: 56.700 GC heap before
{Heap before GC invocations=52 (full 0):
 garbage-first heap   total 266240K, used 215484K [0x0000000080000000, 0x0000000100000000)
  region size 1024K, 51 young (52224K), 1 survivors (1024K)
 Metaspace       used 100419K, committed 101248K, reserved 1179648K
  class space    used 13509K, committed 13888K, reserved 1048576K
}
Event: 56.712 GC heap after
{Heap after GC invocations=53 (full 0):
 garbage-first heap   total 266240K, used 166887K [0x0000000080000000, 0x0000000100000000)
  region size 1024K, 3 young (3072K), 3 survivors (3072K)
 Metaspace       used 100419K, committed 101248K, reserved 1179648K
  class space    used 13509K, committed 13888K, reserved 1048576K
}
Event: 57.744 GC heap before
{Heap before GC invocations=53 (full 0):
 garbage-first heap   total 266240K, used 204775K [0x0000000080000000, 0x0000000100000000)
  region size 1024K, 41 young (41984K), 3 survivors (3072K)
 Metaspace       used 104233K, committed 105024K, reserved 1179648K
  class space    used 14070K, committed 14400K, reserved 1048576K
}
Event: 57.758 GC heap after
{Heap after GC invocations=54 (full 0):
 garbage-first heap   total 266240K, used 169807K [0x0000000080000000, 0x0000000100000000)
  region size 1024K, 6 young (6144K), 6 survivors (6144K)
 Metaspace       used 104233K, committed 105024K, reserved 1179648K
  class space    used 14070K, committed 14400K, reserved 1048576K
}
Event: 58.723 GC heap before
{Heap before GC invocations=55 (full 0):
 garbage-first heap   total 296960K, used 219983K [0x0000000080000000, 0x0000000100000000)
  region size 1024K, 54 young (55296K), 6 survivors (6144K)
 Metaspace       used 104623K, committed 105408K, reserved 1179648K
  class space    used 14092K, committed 14464K, reserved 1048576K
}
Event: 58.741 GC heap after
{Heap after GC invocations=56 (full 0):
 garbage-first heap   total 296960K, used 174971K [0x0000000080000000, 0x0000000100000000)
  region size 1024K, 6 young (6144K), 6 survivors (6144K)
 Metaspace       used 104623K, committed 105408K, reserved 1179648K
  class space    used 14092K, committed 14464K, reserved 1048576K
}
Event: 58.807 GC heap before
{Heap before GC invocations=56 (full 0):
 garbage-first heap   total 296960K, used 182139K [0x0000000080000000, 0x0000000100000000)
  region size 1024K, 14 young (14336K), 6 survivors (6144K)
 Metaspace       used 104623K, committed 105408K, reserved 1179648K
  class space    used 14092K, committed 14464K, reserved 1048576K
}
Event: 58.815 GC heap after
{Heap after GC invocations=57 (full 0):
 garbage-first heap   total 296960K, used 175434K [0x0000000080000000, 0x0000000100000000)
  region size 1024K, 1 young (1024K), 1 survivors (1024K)
 Metaspace       used 104623K, committed 105408K, reserved 1179648K
  class space    used 14092K, committed 14464K, reserved 1048576K
}
Event: 59.394 GC heap before
{Heap before GC invocations=57 (full 0):
 garbage-first heap   total 296960K, used 237898K [0x0000000080000000, 0x0000000100000000)
  region size 1024K, 62 young (63488K), 1 survivors (1024K)
 Metaspace       used 104625K, committed 105408K, reserved 1179648K
  class space    used 14092K, committed 14464K, reserved 1048576K
}
Event: 59.398 GC heap after
{Heap after GC invocations=58 (full 0):
 garbage-first heap   total 515072K, used 174802K [0x0000000080000000, 0x0000000100000000)
  region size 1024K, 1 young (1024K), 1 survivors (1024K)
 Metaspace       used 104625K, committed 105408K, reserved 1179648K
  class space    used 14092K, committed 14464K, reserved 1048576K
}
Event: 85.097 GC heap before
{Heap before GC invocations=58 (full 0):
 garbage-first heap   total 515072K, used 437970K [0x0000000080000000, 0x0000000100000000)
  region size 1024K, 259 young (265216K), 1 survivors (1024K)
 Metaspace       used 113381K, committed 114176K, reserved 1179648K
  class space    used 15085K, committed 15488K, reserved 1048576K
}
Event: 85.114 GC heap after
{Heap after GC invocations=59 (full 0):
 garbage-first heap   total 515072K, used 181389K [0x0000000080000000, 0x0000000100000000)
  region size 1024K, 9 young (9216K), 9 survivors (9216K)
 Metaspace       used 113381K, committed 114176K, reserved 1179648K
  class space    used 15085K, committed 15488K, reserved 1048576K
}
Event: 1868.326 GC heap before
{Heap before GC invocations=59 (full 0):
 garbage-first heap   total 515072K, used 423053K [0x0000000080000000, 0x0000000100000000)
  region size 1024K, 245 young (250880K), 9 survivors (9216K)
 Metaspace       used 116422K, committed 117376K, reserved 1179648K
  class space    used 15354K, committed 15808K, reserved 1048576K
}
Event: 1868.399 GC heap after
{Heap after GC invocations=60 (full 0):
 garbage-first heap   total 515072K, used 188746K [0x0000000080000000, 0x0000000100000000)
  region size 1024K, 16 young (16384K), 16 survivors (16384K)
 Metaspace       used 116422K, committed 117376K, reserved 1179648K
  class space    used 15354K, committed 15808K, reserved 1048576K
}

